apps/mobile/modules/app-block/android/build/intermediates/manifest_merge_blame_file/release/processReleaseManifest/manifest-merger-blame-release-report.txt
1<?xml version="1.0" encoding="utf-8"?>
2<manifest xmlns:android="http://schemas.android.com/apk/res/android"
3    xmlns:tools="http://schemas.android.com/tools"
4    package="expo.modules.appblock" >
5
6    <uses-sdk android:minSdkVersion="24" />
7    <!--
8       Special permission granted by the user via Settings → Usage access. Lets
9       the child device read its own per-app foreground time for the daily limit.
10    -->
11    <uses-permission
11-->src\main\AndroidManifest.xml:5:3-112
12        android:name="android.permission.PACKAGE_USAGE_STATS"
12-->src\main\AndroidManifest.xml:5:20-73
13        tools:ignore="ProtectedPermissions" />
13-->src\main\AndroidManifest.xml:5:74-109
14    <!--
15       See all installed apps (Android 11+ package visibility) so the child can
16       list its apps for the guardian and the blocker can resolve the launcher/
17       dialer to keep them usable. Allowed for parental-control apps (needs the
18       Play Console declaration at submission).
19    -->
20    <uses-permission
20-->src\main\AndroidManifest.xml:10:3-117
21        android:name="android.permission.QUERY_ALL_PACKAGES"
21-->src\main\AndroidManifest.xml:10:20-72
22        tools:ignore="QueryAllPackagesPermission" />
22-->src\main\AndroidManifest.xml:10:73-114
23    <!--
24       "Shield" keep-alive foreground service: keeps the process at foreground
25       priority while enforcement is on, so OEM task killers (MIUI etc.) don't
26       kill the app and silently disable the AccessibilityService. specialUse
27       is the honest FGS type for parental-control protection (Android 14+).
28    -->
29    <uses-permission android:name="android.permission.FOREGROUND_SERVICE" />
29-->src\main\AndroidManifest.xml:15:3-75
29-->src\main\AndroidManifest.xml:15:20-72
30    <uses-permission android:name="android.permission.FOREGROUND_SERVICE_SPECIAL_USE" />
30-->src\main\AndroidManifest.xml:16:3-87
30-->src\main\AndroidManifest.xml:16:20-84
31    <uses-permission android:name="android.permission.RECEIVE_BOOT_COMPLETED" />
31-->src\main\AndroidManifest.xml:17:3-79
31-->src\main\AndroidManifest.xml:17:20-76
32    <!--
33       Battery-optimization exemption request (Settings dialog) — parental
34       protection must survive Doze/OEM battery savers on the child's device.
35    -->
36    <uses-permission android:name="android.permission.REQUEST_IGNORE_BATTERY_OPTIMIZATIONS" />
36-->src\main\AndroidManifest.xml:20:3-93
36-->src\main\AndroidManifest.xml:20:20-90
37    <!--
38       Fallback path for the "app blocked" panel: the primary is the
39       accessibility overlay (no permission), but some OEM builds suppress it —
40       SYSTEM_ALERT_WINDOW lets us draw an application overlay instead so the
41       panel always appears the instant a blocked app is opened.
42    -->
43    <uses-permission android:name="android.permission.SYSTEM_ALERT_WINDOW" />
43-->src\main\AndroidManifest.xml:25:3-76
43-->src\main\AndroidManifest.xml:25:20-73
44    <!--
45       Last-resort path for the blocked panel: a full-screen-intent notification
46       (the incoming-call mechanism) can present UI from the background even
47       where OEMs suppress overlays and plain startActivity.
48    -->
49    <uses-permission android:name="android.permission.USE_FULL_SCREEN_INTENT" />
49-->src\main\AndroidManifest.xml:29:3-79
49-->src\main\AndroidManifest.xml:29:20-76
50
51    <application>
51-->src\main\AndroidManifest.xml:30:3-86:17
52        <service
52-->src\main\AndroidManifest.xml:31:5-42:15
53            android:name="expo.modules.appblock.AppBlockAccessibilityService"
53-->src\main\AndroidManifest.xml:32:7-51
54            android:exported="true"
54-->src\main\AndroidManifest.xml:33:7-30
55            android:label="@string/app_block_service_label"
55-->src\main\AndroidManifest.xml:35:7-54
56            android:permission="android.permission.BIND_ACCESSIBILITY_SERVICE" >
56-->src\main\AndroidManifest.xml:34:7-73
57            <intent-filter>
57-->src\main\AndroidManifest.xml:36:7-38:23
58                <action android:name="android.accessibilityservice.AccessibilityService" />
58-->src\main\AndroidManifest.xml:37:9-84
58-->src\main\AndroidManifest.xml:37:17-81
59            </intent-filter>
60
61            <meta-data
61-->src\main\AndroidManifest.xml:39:7-41:74
62                android:name="android.accessibilityservice"
62-->src\main\AndroidManifest.xml:40:9-52
63                android:resource="@xml/app_block_accessibility_service_config" />
63-->src\main\AndroidManifest.xml:41:9-71
64        </service>
65        <!--
66         Runs in its OWN process: clearing all recents ("fechar todos") kills the
67         app's task process, which used to take the shield down with it. A
68         separate process + stopWithTask="false" keeps the protection alive.
69        -->
70        <service
70-->src\main\AndroidManifest.xml:46:5-55:15
71            android:name="expo.modules.appblock.AppBlockShieldService"
71-->src\main\AndroidManifest.xml:47:7-44
72            android:exported="false"
72-->src\main\AndroidManifest.xml:48:7-31
73            android:foregroundServiceType="specialUse"
73-->src\main\AndroidManifest.xml:51:7-49
74            android:process=":shield"
74-->src\main\AndroidManifest.xml:49:7-32
75            android:stopWithTask="false" >
75-->src\main\AndroidManifest.xml:50:7-35
76            <property
76-->src\main\AndroidManifest.xml:52:7-54:171
77                android:name="android.app.PROPERTY_SPECIAL_USE_FGS_SUBTYPE"
77-->src\main\AndroidManifest.xml:53:9-68
78                android:value="Parental-control protection keep-alive: keeps the app-blocking enforcement process alive while a guardian&apos;s policy is active on a child device." />
78-->src\main\AndroidManifest.xml:54:9-168
79        </service>
80        <!--
81         Device admin: while active, Android REFUSES to uninstall the app — the
82         fix for a child long-pressing the icon and tapping "Desinstalar".
83         Policies are minimal (force-lock only; no wipe, no password control).
84        -->
85        <receiver
85-->src\main\AndroidManifest.xml:59:5-73:16
86            android:name="expo.modules.appblock.AppBlockDeviceAdminReceiver"
86-->src\main\AndroidManifest.xml:60:7-50
87            android:description="@string/app_block_admin_description"
87-->src\main\AndroidManifest.xml:63:7-64
88            android:exported="true"
88-->src\main\AndroidManifest.xml:61:7-30
89            android:label="@string/app_block_admin_label"
89-->src\main\AndroidManifest.xml:62:7-52
90            android:permission="android.permission.BIND_DEVICE_ADMIN" >
90-->src\main\AndroidManifest.xml:64:7-64
91            <meta-data
91-->src\main\AndroidManifest.xml:65:7-67:58
92                android:name="android.app.device_admin"
92-->src\main\AndroidManifest.xml:66:9-48
93                android:resource="@xml/app_block_device_admin" />
93-->src\main\AndroidManifest.xml:67:9-55
94
95            <intent-filter>
95-->src\main\AndroidManifest.xml:68:7-72:23
96                <action android:name="android.app.action.DEVICE_ADMIN_ENABLED" />
96-->src\main\AndroidManifest.xml:69:9-74
96-->src\main\AndroidManifest.xml:69:17-71
97                <action android:name="android.app.action.DEVICE_ADMIN_DISABLED" />
97-->src\main\AndroidManifest.xml:70:9-75
97-->src\main\AndroidManifest.xml:70:17-72
98                <action android:name="android.app.action.DEVICE_ADMIN_DISABLE_REQUESTED" />
98-->src\main\AndroidManifest.xml:71:9-84
98-->src\main\AndroidManifest.xml:71:17-81
99            </intent-filter>
100        </receiver>
101        <receiver
101-->src\main\AndroidManifest.xml:74:5-85:16
102            android:name="expo.modules.appblock.AppBlockBootReceiver"
102-->src\main\AndroidManifest.xml:75:7-43
103            android:exported="true" >
103-->src\main\AndroidManifest.xml:76:7-30
104            <intent-filter>
104-->src\main\AndroidManifest.xml:77:7-84:23
105                <action android:name="android.intent.action.BOOT_COMPLETED" />
105-->src\main\AndroidManifest.xml:78:9-71
105-->src\main\AndroidManifest.xml:78:17-68
106                <action android:name="android.intent.action.QUICKBOOT_POWERON" />
106-->src\main\AndroidManifest.xml:79:9-74
106-->src\main\AndroidManifest.xml:79:17-71
107                <action android:name="android.intent.action.MY_PACKAGE_REPLACED" />
107-->src\main\AndroidManifest.xml:80:9-76
107-->src\main\AndroidManifest.xml:80:17-73
108                <!--
109             Watchdog tick (AlarmManager): restarts the shield if the process
110             was killed while the guardian had the app closed.
111                -->
112                <action android:name="com.wityu.app.APPBLOCK_WATCHDOG" />
112-->src\main\AndroidManifest.xml:83:9-66
112-->src\main\AndroidManifest.xml:83:17-63
113            </intent-filter>
114        </receiver>
115    </application>
116
117</manifest>